c:\users\remus\documents\github\wiu-proj\x64\debug\attackgame.obj
c:\users\remus\documents\github\wiu-proj\x64\debug\clue.obj
c:\users\remus\documents\github\wiu-proj\x64\debug\cluepuzzle.obj
c:\users\remus\documents\github\wiu-proj\x64\debug\conclusiveclue.obj
c:\users\remus\documents\github\wiu-proj\x64\debug\dialogue.obj
c:\users\remus\documents\github\wiu-proj\x64\debug\entity.obj
c:\users\remus\documents\github\wiu-proj\x64\debug\equipment.obj
c:\users\remus\documents\github\wiu-proj\x64\debug\inventory.obj
c:\users\remus\documents\github\wiu-proj\x64\debug\item.obj
c:\users\remus\documents\github\wiu-proj\x64\debug\journal.obj
c:\users\remus\documents\github\wiu-proj\x64\debug\main_character.obj
c:\users\remus\documents\github\wiu-proj\x64\debug\matrix.obj
c:\users\remus\documents\github\wiu-proj\x64\debug\node.obj
c:\users\remus\documents\github\wiu-proj\x64\debug\nodetree.obj
c:\users\remus\documents\github\wiu-proj\x64\debug\npc.obj
c:\users\remus\documents\github\wiu-proj\x64\debug\player.obj
c:\users\remus\documents\github\wiu-proj\x64\debug\specialnpc.obj
c:\users\remus\documents\github\wiu-proj\x64\debug\utility.obj
c:\users\remus\documents\github\wiu-proj\x64\debug\wiu 4 the win!!.obj
c:\users\remus\documents\github\wiu-proj\x64\debug\vc143.idb
c:\users\remus\documents\github\wiu-proj\x64\debug\vc143.pdb
c:\users\remus\documents\github\wiu-proj\x64\debug\wiu 4 the win!!.tlog\cl.command.1.tlog
